info it worked if it ends with ok
verbose cli [ 'node',
verbose cli   '/usr/local/bin/npm',
verbose cli   'install',
verbose cli   'express',
verbose cli   '-g' ]
info using npm@1.0.22
info using node@v0.4.10
verbose config file /cygdrive/c/Users/joscha/.npmrc
verbose config file /usr/local/etc/npmrc
verbose into /usr/local/lib [ 'express' ]
verbose cache add [ 'express', null ]
info addNamed [ 'express', '' ]
verbose addNamed [ null, '' ]
verbose GET express
verbose raw, before any munging express
verbose url resolving [ 'https://registry.npmjs.org/', './express' ]
verbose url resolved https://registry.npmjs.org/express
verbose url parsed { protocol: 'https:',
verbose url parsed   slashes: true,
verbose url parsed   host: 'registry.npmjs.org',
verbose url parsed   hostname: 'registry.npmjs.org',
verbose url parsed   href: 'https://registry.npmjs.org/express',
verbose url parsed   pathname: '/express' }
verbose etag "8JS9W29HFXTQC581PE7N4D6W2"
verbose response https://registry.npmjs.org/express
silly get cb [ 304,
silly get cb   { server: 'CouchDB/1.1.0 (Erlang OTP/R14B03)',
silly get cb     etag: '"8JS9W29HFXTQC581PE7N4D6W2"',
silly get cb     date: 'Sat, 06 Aug 2011 22:40:53 GMT',
silly get cb     'content-length': '0' } ]
verbose etag express from cache
verbose GET express/2.4.4
verbose raw, before any munging express/2.4.4
verbose url resolving [ 'https://registry.npmjs.org/', './express/2.4.4' ]
verbose url resolved https://registry.npmjs.org/express/2.4.4
verbose url parsed { protocol: 'https:',
verbose url parsed   slashes: true,
verbose url parsed   host: 'registry.npmjs.org',
verbose url parsed   hostname: 'registry.npmjs.org',
verbose url parsed   href: 'https://registry.npmjs.org/express/2.4.4',
verbose url parsed   pathname: '/express/2.4.4' }
verbose etag "8JS9W29HFXTQC581PE7N4D6W2"
verbose response https://registry.npmjs.org/express/2.4.4
silly get cb [ 304,
silly get cb   { server: 'CouchDB/1.1.0 (Erlang OTP/R14B03)',
silly get cb     etag: '"8JS9W29HFXTQC581PE7N4D6W2"',
silly get cb     date: 'Sat, 06 Aug 2011 22:40:56 GMT',
silly get cb     'content-length': '0' } ]
verbose etag express/2.4.4 from cache
verbose bin dist [ '0.4-ares1.7.4-ev4.4-openssl0.9.8r-v83.1.8.26-cygwin-1.7.9(0.237/5/3)',
verbose bin dist   { shasum: 'e7aeeb9c7568a96d491aa18e0e211b46e5bc3534',
verbose bin dist     tarball: 'http://registry.npmjs.org/express/-/express-2.4.4.tgz' } ]
verbose addRemoteTarball [ 'https://registry.npmjs.org/express/-/express-2.4.4.tgz',
verbose addRemoteTarball   'e7aeeb9c7568a96d491aa18e0e211b46e5bc3534' ]
verbose mkdir walkDirs /tmp
verbose mkdir walkDirs /tmp/npm-1312670438804
verbose mkdir (expected) error ENOENT, No such file or directory '/tmp/npm-1312670438804'
verbose mkdir walkDirs /tmp/npm-1312670438804/1312670438804-0.13418985018506646
verbose mkdir (expected) error ENOENT, No such file or directory '/tmp/npm-1312670438804/1312670438804-0.13418985018506646'
verbose mkdir done: /tmp/npm-1312670438804/1312670438804-0.13418985018506646 755
info fetch https://registry.npmjs.org/express/-/express-2.4.4.tgz
verbose fetch to /tmp/npm-1312670438804/1312670438804-0.13418985018506646/tmp.tgz
silly updated sha bytes 40960
silly updated sha bytes 31370
info shasum e7aeeb9c7568a96d491aa18e0e211b46e5bc3534
info shasum /tmp/npm-1312670438804/1312670438804-0.13418985018506646/tmp.tgz
verbose mkdir walkDirs /tmp
verbose mkdir walkDirs /tmp/npm-1312670438804
verbose mkdir walkDirs /tmp/npm-1312670438804/1312670438804-0.13418985018506646
verbose mkdir walkDirs /tmp/npm-1312670438804/1312670438804-0.13418985018506646/contents
verbose mkdir (expected) error ENOENT, No such file or directory '/tmp/npm-1312670438804/1312670438804-0.13418985018506646/contents'
verbose mkdir walkDirs /tmp/npm-1312670438804/1312670438804-0.13418985018506646/contents/___package.npm
verbose mkdir (expected) error ENOENT, No such file or directory '/tmp/npm-1312670438804/1312670438804-0.13418985018506646/contents/___package.npm'
verbose mkdir done: /tmp/npm-1312670438804/1312670438804-0.13418985018506646/contents/___package.npm 755
verbose unpack_ uid, gid [ undefined, undefined ]
verbose unpackTarget /tmp/npm-1312670438804/1312670438804-0.13418985018506646/contents/package
silly gunzTarPerm modes [ '755', '644' ]
verbose success gzip "--decompress" "--stdout" "/tmp/npm-1312670438804/1312670438804-0.13418985018506646/tmp.tgz"
verbose success tar "-mvxpf" "-" "-o" "-C" "/tmp/npm-1312670438804/1312670438804-0.13418985018506646/contents/___package.npm"
silly asyncMap in gTP /tmp/npm-1312670438804/1312670438804-0.13418985018506646/contents/___package.npm/package/
silly asyncMap in gTP /tmp/npm-1312670438804/1312670438804-0.13418985018506646/contents/___package.npm/package/.npmignore
silly asyncMap in gTP /tmp/npm-1312670438804/1312670438804-0.13418985018506646/contents/___package.npm/package/History.md
silly asyncMap in gTP /tmp/npm-1312670438804/1312670438804-0.13418985018506646/contents/___package.npm/package/index.js
silly asyncMap in gTP /tmp/npm-1312670438804/1312670438804-0.13418985018506646/contents/___package.npm/package/LICENSE
silly asyncMap in gTP /tmp/npm-1312670438804/1312670438804-0.13418985018506646/contents/___package.npm/package/Makefile
silly asyncMap in gTP /tmp/npm-1312670438804/1312670438804-0.13418985018506646/contents/___package.npm/package/Readme.md
silly asyncMap in gTP /tmp/npm-1312670438804/1312670438804-0.13418985018506646/contents/___package.npm/package/package.json
silly asyncMap in gTP /tmp/npm-1312670438804/1312670438804-0.13418985018506646/contents/___package.npm/package/bin/
silly asyncMap in gTP /tmp/npm-1312670438804/1312670438804-0.13418985018506646/contents/___package.npm/package/bin/express
silly asyncMap in gTP /tmp/npm-1312670438804/1312670438804-0.13418985018506646/contents/___package.npm/package/lib/
silly asyncMap in gTP /tmp/npm-1312670438804/1312670438804-0.13418985018506646/contents/___package.npm/package/lib/express.js
silly asyncMap in gTP /tmp/npm-1312670438804/1312670438804-0.13418985018506646/contents/___package.npm/package/lib/https.js
silly asyncMap in gTP /tmp/npm-1312670438804/1312670438804-0.13418985018506646/contents/___package.npm/package/lib/request.js
silly asyncMap in gTP /tmp/npm-1312670438804/1312670438804-0.13418985018506646/contents/___package.npm/package/lib/http.js
silly asyncMap in gTP /tmp/npm-1312670438804/1312670438804-0.13418985018506646/contents/___package.npm/package/lib/response.js
silly asyncMap in gTP /tmp/npm-1312670438804/1312670438804-0.13418985018506646/contents/___package.npm/package/lib/utils.js
silly asyncMap in gTP /tmp/npm-1312670438804/1312670438804-0.13418985018506646/contents/___package.npm/package/lib/view.js
silly asyncMap in gTP /tmp/npm-1312670438804/1312670438804-0.13418985018506646/contents/___package.npm/package/lib/router/
silly asyncMap in gTP /tmp/npm-1312670438804/1312670438804-0.13418985018506646/contents/___package.npm/package/lib/router/collection.js
silly asyncMap in gTP /tmp/npm-1312670438804/1312670438804-0.13418985018506646/contents/___package.npm/package/lib/router/methods.js
silly asyncMap in gTP /tmp/npm-1312670438804/1312670438804-0.13418985018506646/contents/___package.npm/package/lib/router/route.js
silly asyncMap in gTP /tmp/npm-1312670438804/1312670438804-0.13418985018506646/contents/___package.npm/package/lib/router/index.js
silly asyncMap in gTP /tmp/npm-1312670438804/1312670438804-0.13418985018506646/contents/___package.npm/package/lib/view/
silly asyncMap in gTP /tmp/npm-1312670438804/1312670438804-0.13418985018506646/contents/___package.npm/package/lib/view/partial.js
silly asyncMap in gTP /tmp/npm-1312670438804/1312670438804-0.13418985018506646/contents/___package.npm/package/lib/view/view.js
silly asyncMap in gTP /tmp/npm-1312670438804/1312670438804-0.13418985018506646/contents/___package.npm/package/node_modules/
silly asyncMap in gTP /tmp/npm-1312670438804/1312670438804-0.13418985018506646/contents/___package.npm/package/node_modules/redis/
silly asyncMap in gTP /tmp/npm-1312670438804/1312670438804-0.13418985018506646/contents/___package.npm/package/node_modules/redis/changelog.md
silly asyncMap in gTP /tmp/npm-1312670438804/1312670438804-0.13418985018506646/contents/___package.npm/package/node_modules/redis/eval_test.js
silly asyncMap in gTP /tmp/npm-1312670438804/1312670438804-0.13418985018506646/contents/___package.npm/package/node_modules/redis/generate_commands.js
silly asyncMap in gTP /tmp/npm-1312670438804/1312670438804-0.13418985018506646/contents/___package.npm/package/node_modules/redis/multi_bench.js
silly asyncMap in gTP /tmp/npm-1312670438804/1312670438804-0.13418985018506646/contents/___package.npm/package/node_modules/redis/index.js
silly asyncMap in gTP /tmp/npm-1312670438804/1312670438804-0.13418985018506646/contents/___package.npm/package/node_modules/redis/package.json
silly asyncMap in gTP /tmp/npm-1312670438804/1312670438804-0.13418985018506646/contents/___package.npm/package/node_modules/redis/README.md
silly asyncMap in gTP /tmp/npm-1312670438804/1312670438804-0.13418985018506646/contents/___package.npm/package/node_modules/redis/test.js
silly asyncMap in gTP /tmp/npm-1312670438804/1312670438804-0.13418985018506646/contents/___package.npm/package/node_modules/redis/simple_test.js
silly asyncMap in gTP /tmp/npm-1312670438804/1312670438804-0.13418985018506646/contents/___package.npm/package/node_modules/redis/examples/
silly asyncMap in gTP /tmp/npm-1312670438804/1312670438804-0.13418985018506646/contents/___package.npm/package/node_modules/redis/examples/backpressure_drain.js
silly asyncMap in gTP /tmp/npm-1312670438804/1312670438804-0.13418985018506646/contents/___package.npm/package/node_modules/redis/examples/auth.js
silly asyncMap in gTP /tmp/npm-1312670438804/1312670438804-0.13418985018506646/contents/___package.npm/package/node_modules/redis/examples/extend.js
silly asyncMap in gTP /tmp/npm-1312670438804/1312670438804-0.13418985018506646/contents/___package.npm/package/node_modules/redis/examples/file.js
silly asyncMap in gTP /tmp/npm-1312670438804/1312670438804-0.13418985018506646/contents/___package.npm/package/node_modules/redis/examples/multi.js
silly asyncMap in gTP /tmp/npm-1312670438804/1312670438804-0.13418985018506646/contents/___package.npm/package/node_modules/redis/examples/monitor.js
silly asyncMap in gTP /tmp/npm-1312670438804/1312670438804-0.13418985018506646/contents/___package.npm/package/node_modules/redis/examples/mget.js
silly asyncMap in gTP /tmp/npm-1312670438804/1312670438804-0.13418985018506646/contents/___package.npm/package/node_modules/redis/examples/multi2.js
silly asyncMap in gTP /tmp/npm-1312670438804/1312670438804-0.13418985018506646/contents/___package.npm/package/node_modules/redis/examples/psubscribe.js
silly asyncMap in gTP /tmp/npm-1312670438804/1312670438804-0.13418985018506646/contents/___package.npm/package/node_modules/redis/examples/pub_sub.js
silly asyncMap in gTP /tmp/npm-1312670438804/1312670438804-0.13418985018506646/contents/___package.npm/package/node_modules/redis/examples/simple.js
silly asyncMap in gTP /tmp/npm-1312670438804/1312670438804-0.13418985018506646/contents/___package.npm/package/node_modules/redis/examples/subqueries.js
silly asyncMap in gTP /tmp/npm-1312670438804/1312670438804-0.13418985018506646/contents/___package.npm/package/node_modules/redis/examples/subquery.js
silly asyncMap in gTP /tmp/npm-1312670438804/1312670438804-0.13418985018506646/contents/___package.npm/package/node_modules/redis/examples/web_server.js
silly asyncMap in gTP /tmp/npm-1312670438804/1312670438804-0.13418985018506646/contents/___package.npm/package/node_modules/redis/examples/unix_socket.js
silly asyncMap in gTP /tmp/npm-1312670438804/1312670438804-0.13418985018506646/contents/___package.npm/package/node_modules/redis/lib/
silly asyncMap in gTP /tmp/npm-1312670438804/1312670438804-0.13418985018506646/contents/___package.npm/package/node_modules/redis/lib/commands.js
silly asyncMap in gTP /tmp/npm-1312670438804/1312670438804-0.13418985018506646/contents/___package.npm/package/node_modules/redis/lib/queue.js
silly asyncMap in gTP /tmp/npm-1312670438804/1312670438804-0.13418985018506646/contents/___package.npm/package/node_modules/redis/lib/to_array.js
silly asyncMap in gTP /tmp/npm-1312670438804/1312670438804-0.13418985018506646/contents/___package.npm/package/node_modules/redis/lib/util.js
silly asyncMap in gTP /tmp/npm-1312670438804/1312670438804-0.13418985018506646/contents/___package.npm/package/node_modules/redis/lib/parser/
silly asyncMap in gTP /tmp/npm-1312670438804/1312670438804-0.13418985018506646/contents/___package.npm/package/node_modules/redis/lib/parser/javascript.js
silly asyncMap in gTP /tmp/npm-1312670438804/1312670438804-0.13418985018506646/contents/___package.npm/package/node_modules/redis/lib/parser/hiredis.js
silly asyncMap in gTP /tmp/npm-1312670438804/1312670438804-0.13418985018506646/contents/___package.npm/package/node_modules/redis/tests/
silly asyncMap in gTP /tmp/npm-1312670438804/1312670438804-0.13418985018506646/contents/___package.npm/package/node_modules/redis/tests/buffer_bench.js
silly asyncMap in gTP /tmp/npm-1312670438804/1312670438804-0.13418985018506646/contents/___package.npm/package/node_modules/redis/tests/reconnect_test.js
silly asyncMap in gTP /tmp/npm-1312670438804/1312670438804-0.13418985018506646/contents/___package.npm/package/node_modules/redis/tests/sub_quit_test.js
silly asyncMap in gTP /tmp/npm-1312670438804/1312670438804-0.13418985018506646/contents/___package.npm/package/node_modules/redis/tests/test_start_stop.js
silly asyncMap in gTP /tmp/npm-1312670438804/1312670438804-0.13418985018506646/contents/___package.npm/package/node_modules/redis/tests/stress/
silly asyncMap in gTP /tmp/npm-1312670438804/1312670438804-0.13418985018506646/contents/___package.npm/package/node_modules/redis/tests/stress/codec.js
silly asyncMap in gTP /tmp/npm-1312670438804/1312670438804-0.13418985018506646/contents/___package.npm/package/node_modules/redis/tests/stress/pubsub/
silly asyncMap in gTP /tmp/npm-1312670438804/1312670438804-0.13418985018506646/contents/___package.npm/package/node_modules/redis/tests/stress/pubsub/pub.js
silly asyncMap in gTP /tmp/npm-1312670438804/1312670438804-0.13418985018506646/contents/___package.npm/package/node_modules/redis/tests/stress/pubsub/run
silly asyncMap in gTP /tmp/npm-1312670438804/1312670438804-0.13418985018506646/contents/___package.npm/package/node_modules/redis/tests/stress/pubsub/server.js
silly asyncMap in gTP /tmp/npm-1312670438804/1312670438804-0.13418985018506646/contents/___package.npm/package/node_modules/redis/tests/stress/speed/
silly asyncMap in gTP /tmp/npm-1312670438804/1312670438804-0.13418985018506646/contents/___package.npm/package/node_modules/redis/tests/stress/speed/00
silly asyncMap in gTP /tmp/npm-1312670438804/1312670438804-0.13418985018506646/contents/___package.npm/package/node_modules/redis/tests/stress/speed/plot
silly asyncMap in gTP /tmp/npm-1312670438804/1312670438804-0.13418985018506646/contents/___package.npm/package/node_modules/redis/tests/stress/speed/size-rate.png
silly asyncMap in gTP /tmp/npm-1312670438804/1312670438804-0.13418985018506646/contents/___package.npm/package/node_modules/redis/tests/stress/speed/speed.js
silly asyncMap in gTP /tmp/npm-1312670438804/1312670438804-0.13418985018506646/contents/___package.npm/package/node_modules/redis/tests/stress/rpushblpop/
silly asyncMap in gTP /tmp/npm-1312670438804/1312670438804-0.13418985018506646/contents/___package.npm/package/node_modules/redis/tests/stress/rpushblpop/run
silly asyncMap in gTP /tmp/npm-1312670438804/1312670438804-0.13418985018506646/contents/___package.npm/package/node_modules/redis/tests/stress/rpushblpop/server.js
silly asyncMap in gTP /tmp/npm-1312670438804/1312670438804-0.13418985018506646/contents/___package.npm/package/node_modules/redis/tests/stress/rpushblpop/pub.js
verbose gunzed /tmp/npm-1312670438804/1312670438804-0.13418985018506646/contents/___package.npm/package
verbose rm'ed /tmp/npm-1312670438804/1312670438804-0.13418985018506646/contents/package
verbose renamed [ '/tmp/npm-1312670438804/1312670438804-0.13418985018506646/contents/___package.npm/package',
verbose renamed   '/tmp/npm-1312670438804/1312670438804-0.13418985018506646/contents/package' ]
silly testEngine { name: 'express',
silly testEngine   description: 'Sinatra inspired web development framework',
silly testEngine   version: '2.4.4',
silly testEngine   author: 
silly testEngine    { name: 'TJ Holowaychuk',
silly testEngine      email: 'tj@vision-media.ca' },
silly testEngine   contributors: 
silly testEngine    [ { name: 'TJ Holowaychuk',
silly testEngine        email: 'tj@vision-media.ca' },
silly testEngine      { name: 'Aaron Heckmann',
silly testEngine        email: 'aaron.heckmann+github@gmail.com' },
silly testEngine      { name: 'Ciaran Jessup', email: 'ciaranj@gmail.com' },
silly testEngine      { name: 'Guillermo Rauch', email: 'rauchg@gmail.com' } ],
silly testEngine   dependencies: 
silly testEngine    { connect: '>= 1.5.2 < 2.0.0',
silly testEngine      mime: '>= 0.0.1',
silly testEngine      qs: '>= 0.3.0' },
silly testEngine   devDependencies: 
silly testEngine    { 'connect-form': '0.2.1',
silly testEngine      ejs: '0.4.2',
silly testEngine      expresso: '0.7.2',
silly testEngine      hamljs: '0.5.1',
silly testEngine      jade: '0.11.0',
silly testEngine      stylus: '0.13.0',
silly testEngine      should: '0.2.1',
silly testEngine      'express-messages': '0.0.2',
silly testEngine      'node-markdown': '>= 0.0.1',
silly testEngine      'connect-redis': '>= 0.0.1' },
silly testEngine   keywords: [ 'framework', 'sinatra', 'web', 'rest', 'restful' ],
silly testEngine   repository: 
silly testEngine    { type: 'git',
silly testEngine      url: 'git://github.com/visionmedia/express.git' },
silly testEngine   main: 'index',
silly testEngine   bin: { express: './bin/express' },
silly testEngine   scripts: { test: 'make test', prepublish: 'npm prune' },
silly testEngine   engines: { node: '>= 0.4.1 < 0.5.0' },
silly testEngine   _npmJsonOpts: 
silly testEngine    { file: '/tmp/npm-1312670438804/1312670438804-0.13418985018506646/contents/package/package.json',
silly testEngine      wscript: false,
silly testEngine      serverjs: false,
silly testEngine      contributors: false },
silly testEngine   _id: 'express@2.4.4',
silly testEngine   _engineSupported: true,
silly testEngine   _npmVersion: '1.0.22',
silly testEngine   _nodeVersion: 'v0.4.10',
silly testEngine   _defaultsLoaded: true,
silly testEngine   path: '/tmp/npm-1312670438804/1312670438804-0.13418985018506646/contents/package' }
verbose caching /tmp/npm-1312670438804/1312670438804-0.13418985018506646/contents/package/package.json
verbose loadDefaults express@2.4.4
verbose tarball contents [ 'package' ]
verbose from cache /tmp/npm-1312670438804/1312670438804-0.13418985018506646/contents/package/package.json
verbose pack /tmp/npm-1312670438804/1312670438804-0.13418985018506646/contents/package /cygdrive/c/Users/joscha/.npm/express/2.4.4/package.tgz
silly testEngine { name: 'redis',
silly testEngine   version: '0.6.6',
silly testEngine   description: 'Redis client library',
silly testEngine   author: { name: 'Matt Ranney', email: 'mjr@ranney.com' },
silly testEngine   contributors: 
silly testEngine    [ { name: 'Rick Olson' },
silly testEngine      { name: 'Tim-Smart' },
silly testEngine      { name: 'TJ Holowaychuk' },
silly testEngine      { name: 'Orion Henry' },
silly testEngine      { name: 'Hank Sims' },
silly testEngine      { name: 'Aivo Paas' },
silly testEngine      { name: 'Paul Carey' },
silly testEngine      { name: 'Pieter Noordhuis' },
silly testEngine      { name: 'Andy Ray' },
silly testEngine      { name: 'Vladimir Dronnikov' },
silly testEngine      { name: 'Dave Hoover' } ],
silly testEngine   main: './index.js',
silly testEngine   scripts: { test: 'node ./test.js' },
silly testEngine   repository: 
silly testEngine    { type: 'git',
silly testEngine      url: 'git://github.com/mranney/node_redis.git' },
silly testEngine   _npmJsonOpts: 
silly testEngine    { file: '/tmp/npm-1312670438804/1312670438804-0.13418985018506646/contents/package/node_modules/redis/package.json',
silly testEngine      wscript: false,
silly testEngine      serverjs: false,
silly testEngine      contributors: false },
silly testEngine   _id: 'redis@0.6.6',
silly testEngine   dependencies: {},
silly testEngine   devDependencies: {},
silly testEngine   engines: { node: '*' },
silly testEngine   _engineSupported: true,
silly testEngine   _npmVersion: '1.0.22',
silly testEngine   _nodeVersion: 'v0.4.10',
silly testEngine   _defaultsLoaded: true,
silly testEngine   path: '/tmp/npm-1312670438804/1312670438804-0.13418985018506646/contents/package/node_modules/redis' }
verbose caching /tmp/npm-1312670438804/1312670438804-0.13418985018506646/contents/package/node_modules/redis/package.json
verbose loadDefaults redis@0.6.6
verbose mkdir'ed /cygdrive/c/Users/joscha/.npm/express/2.4.4
verbose tar about to write tar and gzip it.
silly tar args [ '-cvf',
silly tar args   '-',
silly tar args   'package/.npmignore',
silly tar args   'package/History.md',
silly tar args   'package/index.js',
silly tar args   'package/LICENSE',
silly tar args   'package/Makefile',
silly tar args   'package/package.json',
silly tar args   'package/Readme.md',
silly tar args   'package/bin/express',
silly tar args   'package/lib/response.js',
silly tar args   'package/lib/express.js',
silly tar args   'package/lib/https.js',
silly tar args   'package/lib/request.js',
silly tar args   'package/lib/utils.js',
silly tar args   'package/lib/http.js',
silly tar args   'package/lib/view.js',
silly tar args   'package/lib/router/collection.js',
silly tar args   'package/lib/router/methods.js',
silly tar args   'package/lib/router/index.js',
silly tar args   'package/lib/router/route.js',
silly tar args   'package/lib/view/view.js',
silly tar args   'package/lib/view/partial.js',
silly tar args   'package/node_modules/redis/changelog.md',
silly tar args   'package/node_modules/redis/eval_test.js',
silly tar args   'package/node_modules/redis/generate_commands.js',
silly tar args   'package/node_modules/redis/package.json',
silly tar args   'package/node_modules/redis/multi_bench.js',
silly tar args   'package/node_modules/redis/index.js',
silly tar args   'package/node_modules/redis/simple_test.js',
silly tar args   'package/node_modules/redis/test.js',
silly tar args   'package/node_modules/redis/README.md',
silly tar args   'package/node_modules/redis/examples/backpressure_drain.js',
silly tar args   'package/node_modules/redis/examples/auth.js',
silly tar args   'package/node_modules/redis/examples/extend.js',
silly tar args   'package/node_modules/redis/examples/file.js',
silly tar args   'package/node_modules/redis/examples/monitor.js',
silly tar args   'package/node_modules/redis/examples/multi.js',
silly tar args   'package/node_modules/redis/examples/pub_sub.js',
silly tar args   'package/node_modules/redis/examples/psubscribe.js',
silly tar args   'package/node_modules/redis/examples/simple.js',
silly tar args   'package/node_modules/redis/examples/mget.js',
silly tar args   'package/node_modules/redis/examples/web_server.js',
silly tar args   'package/node_modules/redis/examples/unix_socket.js',
silly tar args   'package/node_modules/redis/examples/subquery.js',
silly tar args   'package/node_modules/redis/examples/subqueries.js',
silly tar args   'package/node_modules/redis/examples/multi2.js',
silly tar args   'package/node_modules/redis/lib/commands.js',
silly tar args   'package/node_modules/redis/lib/queue.js',
silly tar args   'package/node_modules/redis/lib/to_array.js',
silly tar args   'package/node_modules/redis/lib/util.js',
silly tar args   'package/node_modules/redis/lib/parser/javascript.js',
silly tar args   'package/node_modules/redis/lib/parser/hiredis.js',
silly tar args   'package/node_modules/redis/tests/buffer_bench.js',
silly tar args   'package/node_modules/redis/tests/sub_quit_test.js',
silly tar args   'package/node_modules/redis/tests/reconnect_test.js',
silly tar args   'package/node_modules/redis/tests/test_start_stop.js',
silly tar args   'package/node_modules/redis/tests/stress/codec.js',
silly tar args   'package/node_modules/redis/tests/stress/speed/00',
silly tar args   'package/node_modules/redis/tests/stress/speed/size-rate.png',
silly tar args   'package/node_modules/redis/tests/stress/speed/speed.js',
silly tar args   'package/node_modules/redis/tests/stress/speed/plot',
silly tar args   'package/node_modules/redis/tests/stress/rpushblpop/pub.js',
silly tar args   'package/node_modules/redis/tests/stress/rpushblpop/run',
silly tar args   'package/node_modules/redis/tests/stress/rpushblpop/server.js',
silly tar args   'package/node_modules/redis/tests/stress/pubsub/pub.js',
silly tar args   'package/node_modules/redis/tests/stress/pubsub/server.js',
silly tar args   'package/node_modules/redis/tests/stress/pubsub/run' ]
verbose success tar -cvf - <file list elided>
verbose success gzip "--stdout"
verbose mkdir walkDirs /cygdrive
verbose mkdir walkDirs /cygdrive/c
verbose mkdir walkDirs /cygdrive/c/Users
verbose mkdir walkDirs /cygdrive/c/Users/joscha
verbose mkdir walkDirs /cygdrive/c/Users/joscha/.npm
verbose mkdir walkDirs /cygdrive/c/Users/joscha/.npm/express
verbose mkdir walkDirs /cygdrive/c/Users/joscha/.npm/express/2.4.4
verbose mkdir walkDirs /cygdrive/c/Users/joscha/.npm/express/2.4.4/___package.npm
verbose mkdir (expected) error ENOENT, No such file or directory '/cygdrive/c/Users/joscha/.npm/express/2.4.4/___package.npm'
verbose mkdir done: /cygdrive/c/Users/joscha/.npm/express/2.4.4/___package.npm 755
verbose unpack_ uid, gid [ undefined, undefined ]
verbose unpackTarget /cygdrive/c/Users/joscha/.npm/express/2.4.4/package
silly gunzTarPerm modes [ '755', '644' ]
verbose success gzip "--decompress" "--stdout" "/cygdrive/c/Users/joscha/.npm/express/2.4.4/package.tgz"
verbose success tar "-mvxpf" "-" "-o" "-C" "/cygdrive/c/Users/joscha/.npm/express/2.4.4/___package.npm"
silly asyncMap in gTP /cygdrive/c/Users/joscha/.npm/express/2.4.4/___package.npm/package/
silly asyncMap in gTP /cygdrive/c/Users/joscha/.npm/express/2.4.4/___package.npm/package/.npmignore
silly asyncMap in gTP /cygdrive/c/Users/joscha/.npm/express/2.4.4/___package.npm/package/History.md
silly asyncMap in gTP /cygdrive/c/Users/joscha/.npm/express/2.4.4/___package.npm/package/index.js
silly asyncMap in gTP /cygdrive/c/Users/joscha/.npm/express/2.4.4/___package.npm/package/LICENSE
silly asyncMap in gTP /cygdrive/c/Users/joscha/.npm/express/2.4.4/___package.npm/package/Makefile
silly asyncMap in gTP /cygdrive/c/Users/joscha/.npm/express/2.4.4/___package.npm/package/Readme.md
silly asyncMap in gTP /cygdrive/c/Users/joscha/.npm/express/2.4.4/___package.npm/package/package.json
silly asyncMap in gTP /cygdrive/c/Users/joscha/.npm/express/2.4.4/___package.npm/package/bin/
silly asyncMap in gTP /cygdrive/c/Users/joscha/.npm/express/2.4.4/___package.npm/package/bin/express
silly asyncMap in gTP /cygdrive/c/Users/joscha/.npm/express/2.4.4/___package.npm/package/lib/
silly asyncMap in gTP /cygdrive/c/Users/joscha/.npm/express/2.4.4/___package.npm/package/lib/express.js
silly asyncMap in gTP /cygdrive/c/Users/joscha/.npm/express/2.4.4/___package.npm/package/lib/http.js
silly asyncMap in gTP /cygdrive/c/Users/joscha/.npm/express/2.4.4/___package.npm/package/lib/https.js
silly asyncMap in gTP /cygdrive/c/Users/joscha/.npm/express/2.4.4/___package.npm/package/lib/request.js
silly asyncMap in gTP /cygdrive/c/Users/joscha/.npm/express/2.4.4/___package.npm/package/lib/response.js
silly asyncMap in gTP /cygdrive/c/Users/joscha/.npm/express/2.4.4/___package.npm/package/lib/utils.js
silly asyncMap in gTP /cygdrive/c/Users/joscha/.npm/express/2.4.4/___package.npm/package/lib/view.js
silly asyncMap in gTP /cygdrive/c/Users/joscha/.npm/express/2.4.4/___package.npm/package/lib/router/
silly asyncMap in gTP /cygdrive/c/Users/joscha/.npm/express/2.4.4/___package.npm/package/lib/router/methods.js
silly asyncMap in gTP /cygdrive/c/Users/joscha/.npm/express/2.4.4/___package.npm/package/lib/router/index.js
silly asyncMap in gTP /cygdrive/c/Users/joscha/.npm/express/2.4.4/___package.npm/package/lib/router/collection.js
silly asyncMap in gTP /cygdrive/c/Users/joscha/.npm/express/2.4.4/___package.npm/package/lib/router/route.js
silly asyncMap in gTP /cygdrive/c/Users/joscha/.npm/express/2.4.4/___package.npm/package/lib/view/
silly asyncMap in gTP /cygdrive/c/Users/joscha/.npm/express/2.4.4/___package.npm/package/lib/view/view.js
silly asyncMap in gTP /cygdrive/c/Users/joscha/.npm/express/2.4.4/___package.npm/package/lib/view/partial.js
silly asyncMap in gTP /cygdrive/c/Users/joscha/.npm/express/2.4.4/___package.npm/package/node_modules/
silly asyncMap in gTP /cygdrive/c/Users/joscha/.npm/express/2.4.4/___package.npm/package/node_modules/redis/
silly asyncMap in gTP /cygdrive/c/Users/joscha/.npm/express/2.4.4/___package.npm/package/node_modules/redis/changelog.md
silly asyncMap in gTP /cygdrive/c/Users/joscha/.npm/express/2.4.4/___package.npm/package/node_modules/redis/eval_test.js
silly asyncMap in gTP /cygdrive/c/Users/joscha/.npm/express/2.4.4/___package.npm/package/node_modules/redis/generate_commands.js
silly asyncMap in gTP /cygdrive/c/Users/joscha/.npm/express/2.4.4/___package.npm/package/node_modules/redis/multi_bench.js
silly asyncMap in gTP /cygdrive/c/Users/joscha/.npm/express/2.4.4/___package.npm/package/node_modules/redis/package.json
silly asyncMap in gTP /cygdrive/c/Users/joscha/.npm/express/2.4.4/___package.npm/package/node_modules/redis/index.js
silly asyncMap in gTP /cygdrive/c/Users/joscha/.npm/express/2.4.4/___package.npm/package/node_modules/redis/test.js
silly asyncMap in gTP /cygdrive/c/Users/joscha/.npm/express/2.4.4/___package.npm/package/node_modules/redis/README.md
silly asyncMap in gTP /cygdrive/c/Users/joscha/.npm/express/2.4.4/___package.npm/package/node_modules/redis/simple_test.js
silly asyncMap in gTP /cygdrive/c/Users/joscha/.npm/express/2.4.4/___package.npm/package/node_modules/redis/examples/
silly asyncMap in gTP /cygdrive/c/Users/joscha/.npm/express/2.4.4/___package.npm/package/node_modules/redis/examples/auth.js
silly asyncMap in gTP /cygdrive/c/Users/joscha/.npm/express/2.4.4/___package.npm/package/node_modules/redis/examples/file.js
silly asyncMap in gTP /cygdrive/c/Users/joscha/.npm/express/2.4.4/___package.npm/package/node_modules/redis/examples/extend.js
silly asyncMap in gTP /cygdrive/c/Users/joscha/.npm/express/2.4.4/___package.npm/package/node_modules/redis/examples/mget.js
silly asyncMap in gTP /cygdrive/c/Users/joscha/.npm/express/2.4.4/___package.npm/package/node_modules/redis/examples/monitor.js
silly asyncMap in gTP /cygdrive/c/Users/joscha/.npm/express/2.4.4/___package.npm/package/node_modules/redis/examples/multi.js
silly asyncMap in gTP /cygdrive/c/Users/joscha/.npm/express/2.4.4/___package.npm/package/node_modules/redis/examples/multi2.js
silly asyncMap in gTP /cygdrive/c/Users/joscha/.npm/express/2.4.4/___package.npm/package/node_modules/redis/examples/psubscribe.js
silly asyncMap in gTP /cygdrive/c/Users/joscha/.npm/express/2.4.4/___package.npm/package/node_modules/redis/examples/pub_sub.js
silly asyncMap in gTP /cygdrive/c/Users/joscha/.npm/express/2.4.4/___package.npm/package/node_modules/redis/examples/simple.js
silly asyncMap in gTP /cygdrive/c/Users/joscha/.npm/express/2.4.4/___package.npm/package/node_modules/redis/examples/subqueries.js
silly asyncMap in gTP /cygdrive/c/Users/joscha/.npm/express/2.4.4/___package.npm/package/node_modules/redis/examples/subquery.js
silly asyncMap in gTP /cygdrive/c/Users/joscha/.npm/express/2.4.4/___package.npm/package/node_modules/redis/examples/unix_socket.js
silly asyncMap in gTP /cygdrive/c/Users/joscha/.npm/express/2.4.4/___package.npm/package/node_modules/redis/examples/web_server.js
silly asyncMap in gTP /cygdrive/c/Users/joscha/.npm/express/2.4.4/___package.npm/package/node_modules/redis/examples/backpressure_drain.js
silly asyncMap in gTP /cygdrive/c/Users/joscha/.npm/express/2.4.4/___package.npm/package/node_modules/redis/lib/
silly asyncMap in gTP /cygdrive/c/Users/joscha/.npm/express/2.4.4/___package.npm/package/node_modules/redis/lib/commands.js
silly asyncMap in gTP /cygdrive/c/Users/joscha/.npm/express/2.4.4/___package.npm/package/node_modules/redis/lib/queue.js
silly asyncMap in gTP /cygdrive/c/Users/joscha/.npm/express/2.4.4/___package.npm/package/node_modules/redis/lib/to_array.js
silly asyncMap in gTP /cygdrive/c/Users/joscha/.npm/express/2.4.4/___package.npm/package/node_modules/redis/lib/util.js
silly asyncMap in gTP /cygdrive/c/Users/joscha/.npm/express/2.4.4/___package.npm/package/node_modules/redis/lib/parser/
silly asyncMap in gTP /cygdrive/c/Users/joscha/.npm/express/2.4.4/___package.npm/package/node_modules/redis/lib/parser/hiredis.js
silly asyncMap in gTP /cygdrive/c/Users/joscha/.npm/express/2.4.4/___package.npm/package/node_modules/redis/lib/parser/javascript.js
silly asyncMap in gTP /cygdrive/c/Users/joscha/.npm/express/2.4.4/___package.npm/package/node_modules/redis/tests/
silly asyncMap in gTP /cygdrive/c/Users/joscha/.npm/express/2.4.4/___package.npm/package/node_modules/redis/tests/buffer_bench.js
silly asyncMap in gTP /cygdrive/c/Users/joscha/.npm/express/2.4.4/___package.npm/package/node_modules/redis/tests/reconnect_test.js
silly asyncMap in gTP /cygdrive/c/Users/joscha/.npm/express/2.4.4/___package.npm/package/node_modules/redis/tests/sub_quit_test.js
silly asyncMap in gTP /cygdrive/c/Users/joscha/.npm/express/2.4.4/___package.npm/package/node_modules/redis/tests/test_start_stop.js
silly asyncMap in gTP /cygdrive/c/Users/joscha/.npm/express/2.4.4/___package.npm/package/node_modules/redis/tests/stress/
silly asyncMap in gTP /cygdrive/c/Users/joscha/.npm/express/2.4.4/___package.npm/package/node_modules/redis/tests/stress/codec.js
silly asyncMap in gTP /cygdrive/c/Users/joscha/.npm/express/2.4.4/___package.npm/package/node_modules/redis/tests/stress/speed/
silly asyncMap in gTP /cygdrive/c/Users/joscha/.npm/express/2.4.4/___package.npm/package/node_modules/redis/tests/stress/speed/00
silly asyncMap in gTP /cygdrive/c/Users/joscha/.npm/express/2.4.4/___package.npm/package/node_modules/redis/tests/stress/speed/plot
silly asyncMap in gTP /cygdrive/c/Users/joscha/.npm/express/2.4.4/___package.npm/package/node_modules/redis/tests/stress/speed/speed.js
silly asyncMap in gTP /cygdrive/c/Users/joscha/.npm/express/2.4.4/___package.npm/package/node_modules/redis/tests/stress/speed/size-rate.png
silly asyncMap in gTP /cygdrive/c/Users/joscha/.npm/express/2.4.4/___package.npm/package/node_modules/redis/tests/stress/rpushblpop/
silly asyncMap in gTP /cygdrive/c/Users/joscha/.npm/express/2.4.4/___package.npm/package/node_modules/redis/tests/stress/rpushblpop/pub.js
silly asyncMap in gTP /cygdrive/c/Users/joscha/.npm/express/2.4.4/___package.npm/package/node_modules/redis/tests/stress/rpushblpop/run
silly asyncMap in gTP /cygdrive/c/Users/joscha/.npm/express/2.4.4/___package.npm/package/node_modules/redis/tests/stress/rpushblpop/server.js
silly asyncMap in gTP /cygdrive/c/Users/joscha/.npm/express/2.4.4/___package.npm/package/node_modules/redis/tests/stress/pubsub/
silly asyncMap in gTP /cygdrive/c/Users/joscha/.npm/express/2.4.4/___package.npm/package/node_modules/redis/tests/stress/pubsub/server.js
silly asyncMap in gTP /cygdrive/c/Users/joscha/.npm/express/2.4.4/___package.npm/package/node_modules/redis/tests/stress/pubsub/pub.js
silly asyncMap in gTP /cygdrive/c/Users/joscha/.npm/express/2.4.4/___package.npm/package/node_modules/redis/tests/stress/pubsub/run
verbose gunzed /cygdrive/c/Users/joscha/.npm/express/2.4.4/___package.npm/package
verbose rm'ed /cygdrive/c/Users/joscha/.npm/express/2.4.4/package
verbose renamed [ '/cygdrive/c/Users/joscha/.npm/express/2.4.4/___package.npm/package',
verbose renamed   '/cygdrive/c/Users/joscha/.npm/express/2.4.4/package' ]
silly testEngine { name: 'express',
silly testEngine   description: 'Sinatra inspired web development framework',
silly testEngine   version: '2.4.4',
silly testEngine   author: 
silly testEngine    { name: 'TJ Holowaychuk',
silly testEngine      email: 'tj@vision-media.ca' },
silly testEngine   contributors: 
silly testEngine    [ { name: 'TJ Holowaychuk',
silly testEngine        email: 'tj@vision-media.ca' },
silly testEngine      { name: 'Aaron Heckmann',
silly testEngine        email: 'aaron.heckmann+github@gmail.com' },
silly testEngine      { name: 'Ciaran Jessup', email: 'ciaranj@gmail.com' },
silly testEngine      { name: 'Guillermo Rauch', email: 'rauchg@gmail.com' } ],
silly testEngine   dependencies: 
silly testEngine    { connect: '>= 1.5.2 < 2.0.0',
silly testEngine      mime: '>= 0.0.1',
silly testEngine      qs: '>= 0.3.0' },
silly testEngine   devDependencies: 
silly testEngine    { 'connect-form': '0.2.1',
silly testEngine      ejs: '0.4.2',
silly testEngine      expresso: '0.7.2',
silly testEngine      hamljs: '0.5.1',
silly testEngine      jade: '0.11.0',
silly testEngine      stylus: '0.13.0',
silly testEngine      should: '0.2.1',
silly testEngine      'express-messages': '0.0.2',
silly testEngine      'node-markdown': '>= 0.0.1',
silly testEngine      'connect-redis': '>= 0.0.1' },
silly testEngine   keywords: [ 'framework', 'sinatra', 'web', 'rest', 'restful' ],
silly testEngine   repository: 
silly testEngine    { type: 'git',
silly testEngine      url: 'git://github.com/visionmedia/express.git' },
silly testEngine   main: 'index',
silly testEngine   bin: { express: './bin/express' },
silly testEngine   scripts: { test: 'make test', prepublish: 'npm prune' },
silly testEngine   engines: { node: '>= 0.4.1 < 0.5.0' },
silly testEngine   _npmJsonOpts: 
silly testEngine    { file: '/cygdrive/c/Users/joscha/.npm/express/2.4.4/package/package.json',
silly testEngine      wscript: false,
silly testEngine      serverjs: false,
silly testEngine      contributors: false },
silly testEngine   _id: 'express@2.4.4',
silly testEngine   _engineSupported: true,
silly testEngine   _npmVersion: '1.0.22',
silly testEngine   _nodeVersion: 'v0.4.10',
silly testEngine   _defaultsLoaded: true,
silly testEngine   dist: { shasum: '3b3070f828640c92ad2a9d6f574caff1be1924ab' } }
verbose caching /cygdrive/c/Users/joscha/.npm/express/2.4.4/package/package.json
verbose loadDefaults express@2.4.4
silly updated sha bytes 40960
silly updated sha bytes 31236
info shasum 3b3070f828640c92ad2a9d6f574caff1be1924ab
info shasum /cygdrive/c/Users/joscha/.npm/express/2.4.4/package.tgz
verbose from cache /cygdrive/c/Users/joscha/.npm/express/2.4.4/package/package.json
verbose chmod /cygdrive/c/Users/joscha/.npm/express/2.4.4/package.tgz 644
silly resolved [ { name: 'express',
silly resolved     description: 'Sinatra inspired web development framework',
silly resolved     version: '2.4.4',
silly resolved     author: 
silly resolved      { name: 'TJ Holowaychuk',
silly resolved        email: 'tj@vision-media.ca' },
silly resolved     contributors: 
silly resolved      [ { name: 'TJ Holowaychuk',
silly resolved          email: 'tj@vision-media.ca' },
silly resolved        { name: 'Aaron Heckmann',
silly resolved          email: 'aaron.heckmann+github@gmail.com' },
silly resolved        { name: 'Ciaran Jessup', email: 'ciaranj@gmail.com' },
silly resolved        { name: 'Guillermo Rauch', email: 'rauchg@gmail.com' } ],
silly resolved     dependencies: 
silly resolved      { connect: '>= 1.5.2 < 2.0.0',
silly resolved        mime: '>= 0.0.1',
silly resolved        qs: '>= 0.3.0' },
silly resolved     devDependencies: 
silly resolved      { 'connect-form': '0.2.1',
silly resolved        ejs: '0.4.2',
silly resolved        expresso: '0.7.2',
silly resolved        hamljs: '0.5.1',
silly resolved        jade: '0.11.0',
silly resolved        stylus: '0.13.0',
silly resolved        should: '0.2.1',
silly resolved        'express-messages': '0.0.2',
silly resolved        'node-markdown': '>= 0.0.1',
silly resolved        'connect-redis': '>= 0.0.1' },
silly resolved     keywords: [ 'framework', 'sinatra', 'web', 'rest', 'restful' ],
silly resolved     repository: 
silly resolved      { type: 'git',
silly resolved        url: 'git://github.com/visionmedia/express.git' },
silly resolved     main: 'index',
silly resolved     bin: { express: './bin/express' },
silly resolved     scripts: { test: 'make test', prepublish: 'npm prune' },
silly resolved     engines: { node: '>= 0.4.1 < 0.5.0' },
silly resolved     _npmJsonOpts: 
silly resolved      { file: '/cygdrive/c/Users/joscha/.npm/express/2.4.4/package/package.json',
silly resolved        wscript: false,
silly resolved        serverjs: false,
silly resolved        contributors: false },
silly resolved     _id: 'express@2.4.4',
silly resolved     _engineSupported: true,
silly resolved     _npmVersion: '1.0.22',
silly resolved     _nodeVersion: 'v0.4.10',
silly resolved     _defaultsLoaded: true,
silly resolved     dist: { shasum: '3b3070f828640c92ad2a9d6f574caff1be1924ab' } } ]
info into /usr/local/lib express@2.4.4
info installOne express@2.4.4
info unbuild /usr/local/lib/node_modules/express
verbose from cache /cygdrive/c/Users/joscha/.npm/express/2.4.4/package/package.json
verbose mkdir walkDirs /usr
verbose mkdir walkDirs /usr/local
verbose mkdir walkDirs /usr/local/lib
verbose mkdir walkDirs /usr/local/lib/node_modules
verbose mkdir walkDirs /usr/local/lib/node_modules/___express.npm
verbose mkdir (expected) error ENOENT, No such file or directory '/usr/local/lib/node_modules/___express.npm'
verbose mkdir done: /usr/local/lib/node_modules/___express.npm 755
verbose unpack_ uid, gid [ undefined, undefined ]
verbose unpackTarget /usr/local/lib/node_modules/express
silly gunzTarPerm modes [ '755', '644' ]
verbose success gzip "--decompress" "--stdout" "/cygdrive/c/Users/joscha/.npm/express/2.4.4/package.tgz"
verbose success tar "-mvxpf" "-" "-o" "-C" "/usr/local/lib/node_modules/___express.npm"
silly asyncMap in gTP /usr/local/lib/node_modules/___express.npm/package/
silly asyncMap in gTP /usr/local/lib/node_modules/___express.npm/package/.npmignore
silly asyncMap in gTP /usr/local/lib/node_modules/___express.npm/package/index.js
silly asyncMap in gTP /usr/local/lib/node_modules/___express.npm/package/History.md
silly asyncMap in gTP /usr/local/lib/node_modules/___express.npm/package/Makefile
silly asyncMap in gTP /usr/local/lib/node_modules/___express.npm/package/LICENSE
silly asyncMap in gTP /usr/local/lib/node_modules/___express.npm/package/package.json
silly asyncMap in gTP /usr/local/lib/node_modules/___express.npm/package/Readme.md
silly asyncMap in gTP /usr/local/lib/node_modules/___express.npm/package/bin/
silly asyncMap in gTP /usr/local/lib/node_modules/___express.npm/package/bin/express
silly asyncMap in gTP /usr/local/lib/node_modules/___express.npm/package/lib/
silly asyncMap in gTP /usr/local/lib/node_modules/___express.npm/package/lib/express.js
silly asyncMap in gTP /usr/local/lib/node_modules/___express.npm/package/lib/https.js
silly asyncMap in gTP /usr/local/lib/node_modules/___express.npm/package/lib/request.js
silly asyncMap in gTP /usr/local/lib/node_modules/___express.npm/package/lib/response.js
silly asyncMap in gTP /usr/local/lib/node_modules/___express.npm/package/lib/http.js
silly asyncMap in gTP /usr/local/lib/node_modules/___express.npm/package/lib/utils.js
silly asyncMap in gTP /usr/local/lib/node_modules/___express.npm/package/lib/view.js
silly asyncMap in gTP /usr/local/lib/node_modules/___express.npm/package/lib/router/
silly asyncMap in gTP /usr/local/lib/node_modules/___express.npm/package/lib/router/collection.js
silly asyncMap in gTP /usr/local/lib/node_modules/___express.npm/package/lib/router/index.js
silly asyncMap in gTP /usr/local/lib/node_modules/___express.npm/package/lib/router/route.js
silly asyncMap in gTP /usr/local/lib/node_modules/___express.npm/package/lib/router/methods.js
silly asyncMap in gTP /usr/local/lib/node_modules/___express.npm/package/lib/view/
silly asyncMap in gTP /usr/local/lib/node_modules/___express.npm/package/lib/view/partial.js
silly asyncMap in gTP /usr/local/lib/node_modules/___express.npm/package/lib/view/view.js
silly asyncMap in gTP /usr/local/lib/node_modules/___express.npm/package/node_modules/
silly asyncMap in gTP /usr/local/lib/node_modules/___express.npm/package/node_modules/redis/
silly asyncMap in gTP /usr/local/lib/node_modules/___express.npm/package/node_modules/redis/changelog.md
silly asyncMap in gTP /usr/local/lib/node_modules/___express.npm/package/node_modules/redis/generate_commands.js
silly asyncMap in gTP /usr/local/lib/node_modules/___express.npm/package/node_modules/redis/index.js
silly asyncMap in gTP /usr/local/lib/node_modules/___express.npm/package/node_modules/redis/multi_bench.js
silly asyncMap in gTP /usr/local/lib/node_modules/___express.npm/package/node_modules/redis/package.json
silly asyncMap in gTP /usr/local/lib/node_modules/___express.npm/package/node_modules/redis/README.md
silly asyncMap in gTP /usr/local/lib/node_modules/___express.npm/package/node_modules/redis/simple_test.js
silly asyncMap in gTP /usr/local/lib/node_modules/___express.npm/package/node_modules/redis/eval_test.js
silly asyncMap in gTP /usr/local/lib/node_modules/___express.npm/package/node_modules/redis/test.js
silly asyncMap in gTP /usr/local/lib/node_modules/___express.npm/package/node_modules/redis/examples/
silly asyncMap in gTP /usr/local/lib/node_modules/___express.npm/package/node_modules/redis/examples/auth.js
silly asyncMap in gTP /usr/local/lib/node_modules/___express.npm/package/node_modules/redis/examples/extend.js
silly asyncMap in gTP /usr/local/lib/node_modules/___express.npm/package/node_modules/redis/examples/file.js
silly asyncMap in gTP /usr/local/lib/node_modules/___express.npm/package/node_modules/redis/examples/backpressure_drain.js
silly asyncMap in gTP /usr/local/lib/node_modules/___express.npm/package/node_modules/redis/examples/mget.js
silly asyncMap in gTP /usr/local/lib/node_modules/___express.npm/package/node_modules/redis/examples/monitor.js
silly asyncMap in gTP /usr/local/lib/node_modules/___express.npm/package/node_modules/redis/examples/multi.js
silly asyncMap in gTP /usr/local/lib/node_modules/___express.npm/package/node_modules/redis/examples/psubscribe.js
silly asyncMap in gTP /usr/local/lib/node_modules/___express.npm/package/node_modules/redis/examples/simple.js
silly asyncMap in gTP /usr/local/lib/node_modules/___express.npm/package/node_modules/redis/examples/subqueries.js
silly asyncMap in gTP /usr/local/lib/node_modules/___express.npm/package/node_modules/redis/examples/pub_sub.js
silly asyncMap in gTP /usr/local/lib/node_modules/___express.npm/package/node_modules/redis/examples/subquery.js
silly asyncMap in gTP /usr/local/lib/node_modules/___express.npm/package/node_modules/redis/examples/unix_socket.js
silly asyncMap in gTP /usr/local/lib/node_modules/___express.npm/package/node_modules/redis/examples/multi2.js
silly asyncMap in gTP /usr/local/lib/node_modules/___express.npm/package/node_modules/redis/examples/web_server.js
silly asyncMap in gTP /usr/local/lib/node_modules/___express.npm/package/node_modules/redis/lib/
silly asyncMap in gTP /usr/local/lib/node_modules/___express.npm/package/node_modules/redis/lib/commands.js
silly asyncMap in gTP /usr/local/lib/node_modules/___express.npm/package/node_modules/redis/lib/to_array.js
silly asyncMap in gTP /usr/local/lib/node_modules/___express.npm/package/node_modules/redis/lib/util.js
silly asyncMap in gTP /usr/local/lib/node_modules/___express.npm/package/node_modules/redis/lib/queue.js
silly asyncMap in gTP /usr/local/lib/node_modules/___express.npm/package/node_modules/redis/lib/parser/
silly asyncMap in gTP /usr/local/lib/node_modules/___express.npm/package/node_modules/redis/lib/parser/javascript.js
silly asyncMap in gTP /usr/local/lib/node_modules/___express.npm/package/node_modules/redis/lib/parser/hiredis.js
silly asyncMap in gTP /usr/local/lib/node_modules/___express.npm/package/node_modules/redis/tests/
silly asyncMap in gTP /usr/local/lib/node_modules/___express.npm/package/node_modules/redis/tests/buffer_bench.js
silly asyncMap in gTP /usr/local/lib/node_modules/___express.npm/package/node_modules/redis/tests/reconnect_test.js
silly asyncMap in gTP /usr/local/lib/node_modules/___express.npm/package/node_modules/redis/tests/sub_quit_test.js
silly asyncMap in gTP /usr/local/lib/node_modules/___express.npm/package/node_modules/redis/tests/test_start_stop.js
silly asyncMap in gTP /usr/local/lib/node_modules/___express.npm/package/node_modules/redis/tests/stress/
silly asyncMap in gTP /usr/local/lib/node_modules/___express.npm/package/node_modules/redis/tests/stress/codec.js
silly asyncMap in gTP /usr/local/lib/node_modules/___express.npm/package/node_modules/redis/tests/stress/pubsub/
silly asyncMap in gTP /usr/local/lib/node_modules/___express.npm/package/node_modules/redis/tests/stress/pubsub/pub.js
silly asyncMap in gTP /usr/local/lib/node_modules/___express.npm/package/node_modules/redis/tests/stress/pubsub/run
silly asyncMap in gTP /usr/local/lib/node_modules/___express.npm/package/node_modules/redis/tests/stress/pubsub/server.js
silly asyncMap in gTP /usr/local/lib/node_modules/___express.npm/package/node_modules/redis/tests/stress/rpushblpop/
silly asyncMap in gTP /usr/local/lib/node_modules/___express.npm/package/node_modules/redis/tests/stress/rpushblpop/pub.js
silly asyncMap in gTP /usr/local/lib/node_modules/___express.npm/package/node_modules/redis/tests/stress/rpushblpop/run
silly asyncMap in gTP /usr/local/lib/node_modules/___express.npm/package/node_modules/redis/tests/stress/rpushblpop/server.js
silly asyncMap in gTP /usr/local/lib/node_modules/___express.npm/package/node_modules/redis/tests/stress/speed/
silly asyncMap in gTP /usr/local/lib/node_modules/___express.npm/package/node_modules/redis/tests/stress/speed/00
silly asyncMap in gTP /usr/local/lib/node_modules/___express.npm/package/node_modules/redis/tests/stress/speed/plot
silly asyncMap in gTP /usr/local/lib/node_modules/___express.npm/package/node_modules/redis/tests/stress/speed/speed.js
silly asyncMap in gTP /usr/local/lib/node_modules/___express.npm/package/node_modules/redis/tests/stress/speed/size-rate.png
verbose gunzed /usr/local/lib/node_modules/___express.npm/package
verbose rm'ed /usr/local/lib/node_modules/express
verbose renamed [ '/usr/local/lib/node_modules/___express.npm/package',
verbose renamed   '/usr/local/lib/node_modules/express' ]
silly testEngine { name: 'express',
silly testEngine   description: 'Sinatra inspired web development framework',
silly testEngine   version: '2.4.4',
silly testEngine   author: 
silly testEngine    { name: 'TJ Holowaychuk',
silly testEngine      email: 'tj@vision-media.ca' },
silly testEngine   contributors: 
silly testEngine    [ { name: 'TJ Holowaychuk',
silly testEngine        email: 'tj@vision-media.ca' },
silly testEngine      { name: 'Aaron Heckmann',
silly testEngine        email: 'aaron.heckmann+github@gmail.com' },
silly testEngine      { name: 'Ciaran Jessup', email: 'ciaranj@gmail.com' },
silly testEngine      { name: 'Guillermo Rauch', email: 'rauchg@gmail.com' } ],
silly testEngine   dependencies: 
silly testEngine    { connect: '>= 1.5.2 < 2.0.0',
silly testEngine      mime: '>= 0.0.1',
silly testEngine      qs: '>= 0.3.0' },
silly testEngine   devDependencies: 
silly testEngine    { 'connect-form': '0.2.1',
silly testEngine      ejs: '0.4.2',
silly testEngine      expresso: '0.7.2',
silly testEngine      hamljs: '0.5.1',
silly testEngine      jade: '0.11.0',
silly testEngine      stylus: '0.13.0',
silly testEngine      should: '0.2.1',
silly testEngine      'express-messages': '0.0.2',
silly testEngine      'node-markdown': '>= 0.0.1',
silly testEngine      'connect-redis': '>= 0.0.1' },
silly testEngine   keywords: [ 'framework', 'sinatra', 'web', 'rest', 'restful' ],
silly testEngine   repository: 
silly testEngine    { type: 'git',
silly testEngine      url: 'git://github.com/visionmedia/express.git' },
silly testEngine   main: 'index',
silly testEngine   bin: { express: './bin/express' },
silly testEngine   scripts: { test: 'make test', prepublish: 'npm prune' },
silly testEngine   engines: { node: '>= 0.4.1 < 0.5.0' },
silly testEngine   _npmJsonOpts: 
silly testEngine    { file: '/usr/local/lib/node_modules/express/package.json',
silly testEngine      serverjs: false,
silly testEngine      wscript: false,
silly testEngine      contributors: false },
silly testEngine   _id: 'express@2.4.4',
silly testEngine   _engineSupported: true,
silly testEngine   _npmVersion: '1.0.22',
silly testEngine   _nodeVersion: 'v0.4.10',
silly testEngine   _defaultsLoaded: true }
verbose caching /usr/local/lib/node_modules/express/package.json
verbose loadDefaults express@2.4.4
info preinstall express@2.4.4
verbose from cache /usr/local/lib/node_modules/express/package.json
verbose into /usr/local/lib/node_modules/express [ 'connect@>= 1.5.2 < 2.0.0',
verbose into /usr/local/lib/node_modules/express   'mime@>= 0.0.1',
verbose into /usr/local/lib/node_modules/express   'qs@>= 0.3.0' ]
silly testEngine { name: 'redis',
silly testEngine   version: '0.6.6',
silly testEngine   description: 'Redis client library',
silly testEngine   author: { name: 'Matt Ranney', email: 'mjr@ranney.com' },
silly testEngine   contributors: 
silly testEngine    [ { name: 'Rick Olson' },
silly testEngine      { name: 'Tim-Smart' },
silly testEngine      { name: 'TJ Holowaychuk' },
silly testEngine      { name: 'Orion Henry' },
silly testEngine      { name: 'Hank Sims' },
silly testEngine      { name: 'Aivo Paas' },
silly testEngine      { name: 'Paul Carey' },
silly testEngine      { name: 'Pieter Noordhuis' },
silly testEngine      { name: 'Andy Ray' },
silly testEngine      { name: 'Vladimir Dronnikov' },
silly testEngine      { name: 'Dave Hoover' } ],
silly testEngine   main: './index.js',
silly testEngine   scripts: { test: 'node ./test.js' },
silly testEngine   repository: 
silly testEngine    { type: 'git',
silly testEngine      url: 'git://github.com/mranney/node_redis.git' },
silly testEngine   _npmJsonOpts: 
silly testEngine    { file: '/usr/local/lib/node_modules/express/node_modules/redis/package.json',
silly testEngine      serverjs: false,
silly testEngine      wscript: false,
silly testEngine      contributors: false },
silly testEngine   _id: 'redis@0.6.6',
silly testEngine   dependencies: {},
silly testEngine   devDependencies: {},
silly testEngine   engines: { node: '*' },
silly testEngine   _engineSupported: true,
silly testEngine   _npmVersion: '1.0.22',
silly testEngine   _nodeVersion: 'v0.4.10',
silly testEngine   _defaultsLoaded: true }
verbose caching /usr/local/lib/node_modules/express/node_modules/redis/package.json
verbose loadDefaults redis@0.6.6
verbose cache add [ 'connect@>= 1.5.2 < 2.0.0', null ]
info addNamed [ 'connect', '>= 1.5.2 < 2.0.0' ]
verbose addNamed [ null, '>=1.5.2 <2.0.0' ]
verbose GET connect
verbose raw, before any munging connect
verbose url resolving [ 'https://registry.npmjs.org/', './connect' ]
verbose url resolved https://registry.npmjs.org/connect
verbose url parsed { protocol: 'https:',
verbose url parsed   slashes: true,
verbose url parsed   host: 'registry.npmjs.org',
verbose url parsed   hostname: 'registry.npmjs.org',
verbose url parsed   href: 'https://registry.npmjs.org/connect',
verbose url parsed   pathname: '/connect' }
verbose etag "784HC9CYP1KXIJE1DA29QBJ1A"
verbose cache add [ 'mime@>= 0.0.1', null ]
info addNamed [ 'mime', '>= 0.0.1' ]
verbose addNamed [ null, '>=0.0.1' ]
verbose cache add [ 'qs@>= 0.3.0', null ]
info addNamed [ 'qs', '>= 0.3.0' ]
verbose addNamed [ null, '>=0.3.0' ]
verbose GET mime
verbose raw, before any munging mime
verbose url resolving [ 'https://registry.npmjs.org/', './mime' ]
verbose url resolved https://registry.npmjs.org/mime
verbose url parsed { protocol: 'https:',
verbose url parsed   slashes: true,
verbose url parsed   host: 'registry.npmjs.org',
verbose url parsed   hostname: 'registry.npmjs.org',
verbose url parsed   href: 'https://registry.npmjs.org/mime',
verbose url parsed   pathname: '/mime' }
verbose etag "1TRT5I3IU508O37JD5DSK2HSJ"
verbose GET qs
verbose raw, before any munging qs
verbose url resolving [ 'https://registry.npmjs.org/', './qs' ]
verbose url resolved https://registry.npmjs.org/qs
verbose url parsed { protocol: 'https:',
verbose url parsed   slashes: true,
verbose url parsed   host: 'registry.npmjs.org',
verbose url parsed   hostname: 'registry.npmjs.org',
verbose url parsed   href: 'https://registry.npmjs.org/qs',
verbose url parsed   pathname: '/qs' }
verbose etag "38IYUCZ46RS33S1MPPRLMFYXY"
verbose response https://registry.npmjs.org/qs
silly get cb [ 304,
silly get cb   { server: 'CouchDB/1.1.0 (Erlang OTP/R14B03)',
silly get cb     etag: '"38IYUCZ46RS33S1MPPRLMFYXY"',
silly get cb     date: 'Sat, 06 Aug 2011 22:41:10 GMT',
silly get cb     'content-length': '0' } ]
verbose etag qs from cache
verbose GET qs/0.3.0
verbose raw, before any munging qs/0.3.0
verbose url resolving [ 'https://registry.npmjs.org/', './qs/0.3.0' ]
verbose url resolved https://registry.npmjs.org/qs/0.3.0
verbose url parsed { protocol: 'https:',
verbose url parsed   slashes: true,
verbose url parsed   host: 'registry.npmjs.org',
verbose url parsed   hostname: 'registry.npmjs.org',
verbose url parsed   href: 'https://registry.npmjs.org/qs/0.3.0',
verbose url parsed   pathname: '/qs/0.3.0' }
verbose etag "38IYUCZ46RS33S1MPPRLMFYXY"
verbose response https://registry.npmjs.org/mime
silly get cb [ 304,
silly get cb   { server: 'CouchDB/1.1.0 (Erlang OTP/R14B03)',
silly get cb     etag: '"1TRT5I3IU508O37JD5DSK2HSJ"',
silly get cb     date: 'Sat, 06 Aug 2011 22:41:10 GMT',
silly get cb     'content-length': '0' } ]
verbose etag mime from cache
verbose GET mime/1.2.2
verbose raw, before any munging mime/1.2.2
verbose url resolving [ 'https://registry.npmjs.org/', './mime/1.2.2' ]
verbose url resolved https://registry.npmjs.org/mime/1.2.2
verbose url parsed { protocol: 'https:',
verbose url parsed   slashes: true,
verbose url parsed   host: 'registry.npmjs.org',
verbose url parsed   hostname: 'registry.npmjs.org',
verbose url parsed   href: 'https://registry.npmjs.org/mime/1.2.2',
verbose url parsed   pathname: '/mime/1.2.2' }
verbose etag "1TRT5I3IU508O37JD5DSK2HSJ"
verbose response https://registry.npmjs.org/connect
silly get cb [ 304,
silly get cb   { server: 'CouchDB/1.1.0 (Erlang OTP/R14B03)',
silly get cb     etag: '"784HC9CYP1KXIJE1DA29QBJ1A"',
silly get cb     date: 'Sat, 06 Aug 2011 22:41:11 GMT',
silly get cb     'content-length': '0' } ]
verbose etag connect from cache
verbose GET connect/1.6.1
verbose raw, before any munging connect/1.6.1
verbose url resolving [ 'https://registry.npmjs.org/', './connect/1.6.1' ]
verbose url resolved https://registry.npmjs.org/connect/1.6.1
verbose url parsed { protocol: 'https:',
verbose url parsed   slashes: true,
verbose url parsed   host: 'registry.npmjs.org',
verbose url parsed   hostname: 'registry.npmjs.org',
verbose url parsed   href: 'https://registry.npmjs.org/connect/1.6.1',
verbose url parsed   pathname: '/connect/1.6.1' }
verbose etag "784HC9CYP1KXIJE1DA29QBJ1A"
verbose response https://registry.npmjs.org/qs/0.3.0
silly get cb [ 304,
silly get cb   { server: 'CouchDB/1.1.0 (Erlang OTP/R14B03)',
silly get cb     etag: '"38IYUCZ46RS33S1MPPRLMFYXY"',
silly get cb     date: 'Sat, 06 Aug 2011 22:41:13 GMT',
silly get cb     'content-length': '0' } ]
verbose etag qs/0.3.0 from cache
verbose bin dist [ '0.4-ares1.7.4-ev4.4-openssl0.9.8r-v83.1.8.26-cygwin-1.7.9(0.237/5/3)',
verbose bin dist   { shasum: '502ec1168b8f778921c31d0e4351759bb97cfb84',
verbose bin dist     tarball: 'http://registry.npmjs.org/qs/-/qs-0.3.0.tgz' } ]
verbose addRemoteTarball [ 'https://registry.npmjs.org/qs/-/qs-0.3.0.tgz',
verbose addRemoteTarball   '502ec1168b8f778921c31d0e4351759bb97cfb84' ]
verbose mkdir walkDirs /tmp
verbose mkdir walkDirs /tmp/npm-1312670438804
verbose mkdir walkDirs /tmp/npm-1312670438804/1312670455920-0.19786904845386744
verbose mkdir (expected) error ENOENT, No such file or directory '/tmp/npm-1312670438804/1312670455920-0.19786904845386744'
verbose mkdir done: /tmp/npm-1312670438804/1312670455920-0.19786904845386744 755
info fetch https://registry.npmjs.org/qs/-/qs-0.3.0.tgz
verbose fetch to /tmp/npm-1312670438804/1312670455920-0.19786904845386744/tmp.tgz
verbose response https://registry.npmjs.org/connect/1.6.1
silly get cb [ 304,
silly get cb   { server: 'CouchDB/1.1.0 (Erlang OTP/R14B03)',
silly get cb     etag: '"784HC9CYP1KXIJE1DA29QBJ1A"',
silly get cb     date: 'Sat, 06 Aug 2011 22:41:13 GMT',
silly get cb     'content-length': '0' } ]
verbose etag connect/1.6.1 from cache
verbose response https://registry.npmjs.org/mime/1.2.2
silly get cb [ 304,
silly get cb   { server: 'CouchDB/1.1.0 (Erlang OTP/R14B03)',
silly get cb     etag: '"1TRT5I3IU508O37JD5DSK2HSJ"',
silly get cb     date: 'Sat, 06 Aug 2011 22:41:13 GMT',
silly get cb     'content-length': '0' } ]
verbose etag mime/1.2.2 from cache
verbose bin dist [ '0.4-ares1.7.4-ev4.4-openssl0.9.8r-v83.1.8.26-cygwin-1.7.9(0.237/5/3)',
verbose bin dist   { shasum: '21806171a018fd9416039c72a9a01b2628839d70',
verbose bin dist     tarball: 'http://registry.npmjs.org/connect/-/connect-1.6.1.tgz' } ]
verbose addRemoteTarball [ 'https://registry.npmjs.org/connect/-/connect-1.6.1.tgz',
verbose addRemoteTarball   '21806171a018fd9416039c72a9a01b2628839d70' ]
verbose mkdir walkDirs /tmp
verbose bin dist [ '0.4-ares1.7.4-ev4.4-openssl0.9.8r-v83.1.8.26-cygwin-1.7.9(0.237/5/3)',
verbose bin dist   { shasum: 'b9d6355bf53e8d7d56693130e451daff340148cf',
verbose bin dist     tarball: 'http://registry.npmjs.org/mime/-/mime-1.2.2.tgz' } ]
verbose addRemoteTarball [ 'https://registry.npmjs.org/mime/-/mime-1.2.2.tgz',
verbose addRemoteTarball   'b9d6355bf53e8d7d56693130e451daff340148cf' ]
verbose mkdir walkDirs /tmp/npm-1312670438804
verbose mkdir walkDirs /tmp
verbose mkdir walkDirs /tmp/npm-1312670438804/1312670455988-0.845830988837406
verbose mkdir walkDirs /tmp/npm-1312670438804
verbose mkdir (expected) error ENOENT, No such file or directory '/tmp/npm-1312670438804/1312670455988-0.845830988837406'
verbose mkdir walkDirs /tmp/npm-1312670438804/1312670455989-0.4232502158265561
verbose mkdir (expected) error ENOENT, No such file or directory '/tmp/npm-1312670438804/1312670455989-0.4232502158265561'
verbose mkdir done: /tmp/npm-1312670438804/1312670455988-0.845830988837406 755
info fetch https://registry.npmjs.org/connect/-/connect-1.6.1.tgz
verbose fetch to /tmp/npm-1312670438804/1312670455988-0.845830988837406/tmp.tgz
verbose mkdir done: /tmp/npm-1312670438804/1312670455989-0.4232502158265561 755
info fetch https://registry.npmjs.org/mime/-/mime-1.2.2.tgz
verbose fetch to /tmp/npm-1312670438804/1312670455989-0.4232502158265561/tmp.tgz
silly updated sha bytes 16530
info shasum b9d6355bf53e8d7d56693130e451daff340148cf
info shasum /tmp/npm-1312670438804/1312670455989-0.4232502158265561/tmp.tgz
verbose mkdir walkDirs /tmp
verbose mkdir walkDirs /tmp/npm-1312670438804
verbose mkdir walkDirs /tmp/npm-1312670438804/1312670455989-0.4232502158265561
verbose mkdir walkDirs /tmp/npm-1312670438804/1312670455989-0.4232502158265561/contents
verbose mkdir (expected) error ENOENT, No such file or directory '/tmp/npm-1312670438804/1312670455989-0.4232502158265561/contents'
verbose mkdir walkDirs /tmp/npm-1312670438804/1312670455989-0.4232502158265561/contents/___package.npm
verbose mkdir (expected) error ENOENT, No such file or directory '/tmp/npm-1312670438804/1312670455989-0.4232502158265561/contents/___package.npm'
verbose mkdir done: /tmp/npm-1312670438804/1312670455989-0.4232502158265561/contents/___package.npm 755
verbose unpack_ uid, gid [ undefined, undefined ]
verbose unpackTarget /tmp/npm-1312670438804/1312670455989-0.4232502158265561/contents/package
silly gunzTarPerm modes [ '755', '644' ]
verbose success gzip "--decompress" "--stdout" "/tmp/npm-1312670438804/1312670455989-0.4232502158265561/tmp.tgz"
silly updated sha bytes 34693
info shasum 502ec1168b8f778921c31d0e4351759bb97cfb84
info shasum /tmp/npm-1312670438804/1312670455920-0.19786904845386744/tmp.tgz
verbose mkdir walkDirs /tmp
verbose mkdir walkDirs /tmp/npm-1312670438804
verbose mkdir walkDirs /tmp/npm-1312670438804/1312670455920-0.19786904845386744
verbose mkdir walkDirs /tmp/npm-1312670438804/1312670455920-0.19786904845386744/contents
verbose mkdir (expected) error ENOENT, No such file or directory '/tmp/npm-1312670438804/1312670455920-0.19786904845386744/contents'
verbose mkdir walkDirs /tmp/npm-1312670438804/1312670455920-0.19786904845386744/contents/___package.npm
verbose mkdir (expected) error ENOENT, No such file or directory '/tmp/npm-1312670438804/1312670455920-0.19786904845386744/contents/___package.npm'
verbose mkdir done: /tmp/npm-1312670438804/1312670455920-0.19786904845386744/contents/___package.npm 755
verbose unpack_ uid, gid [ undefined, undefined ]
verbose unpackTarget /tmp/npm-1312670438804/1312670455920-0.19786904845386744/contents/package
silly gunzTarPerm modes [ '755', '644' ]
ERR! tar "-mvxpf" "-" "-o" "-C" "/tmp/npm-1312670438804/1312670455989-0.4232502158265561/contents/___package.npm" tar: Unexpected EOF in archive
ERR! tar "-mvxpf" "-" "-o" "-C" "/tmp/npm-1312670438804/1312670455989-0.4232502158265561/contents/___package.npm" tar: Unexpected EOF in archive
ERR! tar "-mvxpf" "-" "-o" "-C" "/tmp/npm-1312670438804/1312670455989-0.4232502158265561/contents/___package.npm" tar: Error is not recoverable: exiting now
ERR! tar "-mvxpf" "-" "-o" "-C" "/tmp/npm-1312670438804/1312670455989-0.4232502158265561/contents/___package.npm" 
ERR! Failed unpacking /tmp/npm-1312670438804/1312670455989-0.4232502158265561/tmp.tgz
ERR! couldn't unpack /tmp/npm-1312670438804/1312670455989-0.4232502158265561/tmp.tgz to /tmp/npm-1312670438804/1312670455989-0.4232502158265561/contents
verbose about to build /usr/local/lib/node_modules/express
ERR! error installing express@2.4.4 Error: Failed tar "-mvxpf" "-" "-o" "-C" "/tmp/npm-1312670438804/1312670455989-0.4232502158265561/contents/___package.npm"
ERR! error installing express@2.4.4 exited with 2
ERR! error installing express@2.4.4     at ChildProcess.<anonymous> (/usr/local/lib/node_modules/npm/lib/utils/exec.js:85:8)
ERR! error installing express@2.4.4     at ChildProcess.emit (events.js:67:17)
ERR! error installing express@2.4.4     at Socket.<anonymous> (child_process.js:172:12)
ERR! error installing express@2.4.4     at Socket.emit (events.js:64:17)
ERR! error installing express@2.4.4     at Array.1 (net.js:831:12)
ERR! error installing express@2.4.4     at EventEmitter._tickCallback (node.js:126:26)
info unbuild /usr/local/lib/node_modules/express
verbose from cache /usr/local/lib/node_modules/express/package.json
info preuninstall express@2.4.4
info uninstall express@2.4.4
verbose unbuild express@2.4.4 [ true,
verbose unbuild express@2.4.4   '/usr/local/lib/node_modules',
verbose unbuild express@2.4.4   '/usr/local/lib/node_modules' ]
verbose binRoot [ '/usr/local/bin', { express: './bin/express' } ]
info postuninstall express@2.4.4
verbose installOne cb express@2.4.4
ERR! Error: Failed tar "-mvxpf" "-" "-o" "-C" "/tmp/npm-1312670438804/1312670455989-0.4232502158265561/contents/___package.npm"
ERR! exited with 2
ERR!     at ChildProcess.<anonymous> (/usr/local/lib/node_modules/npm/lib/utils/exec.js:85:8)
ERR!     at ChildProcess.emit (events.js:67:17)
ERR!     at Socket.<anonymous> (child_process.js:172:12)
ERR!     at Socket.emit (events.js:64:17)
ERR!     at Array.1 (net.js:831:12)
ERR!     at EventEmitter._tickCallback (node.js:126:26)
ERR! Report this *entire* log at:
ERR!     <http://github.com/isaacs/npm/issues>
ERR! or email it to:
ERR!     <npm-@googlegroups.com>
ERR! 
ERR! System CYGWIN_NT-6.1-WOW64 1.7.9(0.237/5/3)
ERR! command "node" "/usr/local/bin/npm" "install" "express" "-g"
ERR! cwd /cygdrive/h/js/workspace/weather.forecast
ERR! node -v v0.4.10
ERR! npm -v 1.0.22
verbose exit [ 1, true ]
